{"level":"INFO","timestamp":"2018-10-18 20:00:44.549","file":"main.go:59","msg":"Start to listening the incoming requests on http address: :8080"}
{"level":"INFO","timestamp":"2018-10-18 20:00:45.098","file":"main.go:56","msg":"The router has been deployed successfully."}
{"level":"INFO","timestamp":"2018-10-18 20:01:09.429","file":"main.go:59","msg":"Start to listening the incoming requests on http address: :8080"}
{"level":"INFO","timestamp":"2018-10-18 20:01:09.457","file":"main.go:56","msg":"The router has been deployed successfully."}
{"level":"DEBUG","timestamp":"2018-10-18 20:01:43.182","file":"user/create.go:27","msg":"username is: [admin], password is []"}
{"level":"DEBUG","timestamp":"2018-10-18 20:01:54.487","file":"user/create.go:27","msg":"username is: [], password is [admin]"}
{"level":"ERROR","timestamp":"2018-10-18 20:01:54.487","file":"user/create.go:30","msg":"Get an error","data":{"error":"Err - code: 20102, message: The user was not found. This is add message., error: username can not found in db: xx.xx.xx.xx"}}
{"level":"DEBUG","timestamp":"2018-10-18 20:01:54.487","file":"user/create.go:34","msg":"err type is ErrUserNotFound"}
{"level":"DEBUG","timestamp":"2018-10-18 20:02:08.088","file":"user/create.go:27","msg":"username is: [admin], password is [admin]"}
{"level":"INFO","timestamp":"2018-10-18 20:16:48.706","file":"main.go:59","msg":"Start to listening the incoming requests on http address: :8080"}
{"level":"INFO","timestamp":"2018-10-18 20:16:49.222","file":"main.go:56","msg":"The router has been deployed successfully."}
{"level":"DEBUG","timestamp":"2018-10-18 20:17:22.842","file":"user/create.go:27","msg":"username is: [admin], password is [admin]"}
{"level":"INFO","timestamp":"2018-10-18 20:20:54.158","file":"main.go:59","msg":"Start to listening the incoming requests on http address: :8080"}
{"level":"INFO","timestamp":"2018-10-18 20:20:54.197","file":"main.go:56","msg":"The router has been deployed successfully."}
{"level":"DEBUG","timestamp":"2018-10-18 20:24:22.500","file":"user/create.go:27","msg":"username is: [], password is [admin]"}
{"level":"ERROR","timestamp":"2018-10-18 20:24:22.500","file":"user/create.go:30","msg":"Get an error","data":{"error":"Err - code: 20102, message: The user was not found. This is add message., error: username can not found in db: xx.xx.xx.xx"}}
{"level":"DEBUG","timestamp":"2018-10-18 20:24:22.500","file":"user/create.go:34","msg":"err type is ErrUserNotFound"}
{"level":"INFO","timestamp":"2018-10-18 20:33:45.884","file":"main.go:59","msg":"Start to listening the incoming requests on http address: :8080"}
{"level":"INFO","timestamp":"2018-10-18 20:33:46.399","file":"main.go:56","msg":"The router has been deployed successfully."}
{"level":"INFO","timestamp":"2018-10-19 16:03:04.611","file":"main.go:59","msg":"Start to listening the incoming requests on http address: :8080"}
{"level":"INFO","timestamp":"2018-10-19 16:03:05.233","file":"main.go:56","msg":"The router has been deployed successfully."}
{"level":"INFO","timestamp":"2018-10-19 16:03:41.868","file":"user/create.go:16","msg":"User Create function called.","data":{"X-Request-Id":""}}
{"level":"INFO","timestamp":"2018-10-19 16:04:25.817","file":"user/create.go:16","msg":"User Create function called.","data":{"X-Request-Id":""}}
{"level":"INFO","timestamp":"2018-10-19 16:04:47.752","file":"user/create.go:16","msg":"User Create function called.","data":{"X-Request-Id":""}}
{"level":"INFO","timestamp":"2018-10-19 16:06:11.329","file":"user/update.go:16","msg":"Update function called.","data":{"X-Request-Id":""}}
{"level":"INFO","timestamp":"2018-10-19 18:44:25.710","file":"main.go:61","msg":"Start to listening the incoming requests on http address: :8080"}
{"level":"INFO","timestamp":"2018-10-19 18:44:26.229","file":"main.go:58","msg":"The router has been deployed successfully."}
{"level":"INFO","timestamp":"2018-10-19 18:45:27.058","file":"middleware/logging.go:80","msg":"26.0015ms     | 127.0.0.1    | GET /v1/user | {code: 0, message: OK}"}
{"level":"INFO","timestamp":"2018-10-19 18:45:35.138","file":"middleware/logging.go:80","msg":"24.0014ms     | 127.0.0.1    | GET /v1/user | {code: 0, message: OK}"}
{"level":"INFO","timestamp":"2018-10-19 19:19:48.351","file":"main.go:59","msg":"Start to listening the incoming requests on http address: :8080"}
{"level":"INFO","timestamp":"2018-10-19 19:19:48.373","file":"main.go:56","msg":"The router has been deployed successfully."}
{"level":"ERROR","timestamp":"2018-10-19 19:20:03.253","file":"middleware/logging.go:72","msg":"response body can not unmarshal to model.Response struct, body: ``","data":{"error":"unexpected end of JSON input"}}
{"level":"INFO","timestamp":"2018-10-19 19:20:03.264","file":"middleware/logging.go:80","msg":"0s            | 127.0.0.1    | GET /login -d'{\"username\":\"admin\",\"password\":\"admin\"}' | {code: 10001, message: unexpected end of JSON input}"}
{"level":"INFO","timestamp":"2018-10-19 19:20:30.289","file":"middleware/logging.go:80","msg":"509.0291ms    | 127.0.0.1    | POST /login | {code: 0, message: OK}"}
{"level":"INFO","timestamp":"2018-10-19 19:20:52.595","file":"middleware/logging.go:80","msg":"0s            | 127.0.0.1    | POST /v1/user | {code: 10001, message: The token was invalid.}"}
{"level":"INFO","timestamp":"2018-10-19 19:21:08.440","file":"user/create.go:16","msg":"User Create function called.","data":{"X-Request-Id":""}}
{"level":"INFO","timestamp":"2018-10-19 19:21:08.933","file":"middleware/logging.go:80","msg":"492.0282ms    | 127.0.0.1    | POST /v1/user | {code: 0, message: OK}"}
{"level":"INFO","timestamp":"2018-10-19 19:48:24.590","file":"main.go:68","msg":"Start to listening the incoming requests on http address: :8080"}
{"level":"INFO","timestamp":"2018-10-19 19:48:24.593","file":"main.go:63","msg":"Start to listening the incoming requests on https address: :8081"}
{"level":"INFO","timestamp":"2018-10-19 19:48:25.127","file":"main.go:56","msg":"The router has been deployed successfully."}
