{"level":"INFO","timestamp":"2018-10-18 18:45:17.467","file":"main.go:37","msg":"1111111111111111111111111111111111111111111111111111111"}
{"level":"INFO","timestamp":"2018-10-18 18:45:17.590","file":"main.go:37","msg":"1111111111111111111111111111111111111111111111111111111"}
{"level":"INFO","timestamp":"2018-10-18 18:45:17.691","file":"main.go:37","msg":"1111111111111111111111111111111111111111111111111111111"}
{"level":"INFO","timestamp":"2018-10-18 18:45:17.791","file":"main.go:37","msg":"1111111111111111111111111111111111111111111111111111111"}
{"level":"INFO","timestamp":"2018-10-18 18:45:17.894","file":"main.go:37","msg":"1111111111111111111111111111111111111111111111111111111"}
{"level":"INFO","timestamp":"2018-10-18 18:45:18.129","file":"main.go:37","msg":"1111111111111111111111111111111111111111111111111111111"}
{"level":"INFO","timestamp":"2018-10-18 18:45:18.231","file":"main.go:37","msg":"1111111111111111111111111111111111111111111111111111111"}
{"level":"INFO","timestamp":"2018-10-18 18:45:18.331","file":"main.go:37","msg":"1111111111111111111111111111111111111111111111111111111"}
{"level":"INFO","timestamp":"2018-10-18 18:45:18.431","file":"main.go:37","msg":"1111111111111111111111111111111111111111111111111111111"}
{"level":"INFO","timestamp":"2018-10-18 18:45:18.534","file":"main.go:37","msg":"1111111111111111111111111111111111111111111111111111111"}
{"level":"INFO","timestamp":"2018-10-18 18:45:18.642","file":"main.go:37","msg":"1111111111111111111111111111111111111111111111111111111"}
{"level":"INFO","timestamp":"2018-10-18 18:45:18.743","file":"main.go:37","msg":"1111111111111111111111111111111111111111111111111111111"}
{"level":"INFO","timestamp":"2018-10-18 18:45:18.843","file":"main.go:37","msg":"1111111111111111111111111111111111111111111111111111111"}
{"level":"INFO","timestamp":"2018-10-18 18:45:18.943","file":"main.go:37","msg":"1111111111111111111111111111111111111111111111111111111"}
{"level":"INFO","timestamp":"2018-10-18 18:45:19.043","file":"main.go:37","msg":"1111111111111111111111111111111111111111111111111111111"}
{"level":"INFO","timestamp":"2018-10-18 18:45:19.144","file":"main.go:37","msg":"1111111111111111111111111111111111111111111111111111111"}
{"level":"INFO","timestamp":"2018-10-18 18:45:19.245","file":"main.go:37","msg":"1111111111111111111111111111111111111111111111111111111"}
{"level":"INFO","timestamp":"2018-10-18 18:45:19.350","file":"main.go:37","msg":"1111111111111111111111111111111111111111111111111111111"}
{"level":"INFO","timestamp":"2018-10-18 18:45:19.450","file":"main.go:37","msg":"1111111111111111111111111111111111111111111111111111111"}
{"level":"INFO","timestamp":"2018-10-18 18:45:19.552","file":"main.go:37","msg":"1111111111111111111111111111111111111111111111111111111"}
{"level":"INFO","timestamp":"2018-10-18 18:45:19.656","file":"main.go:37","msg":"1111111111111111111111111111111111111111111111111111111"}
{"level":"INFO","timestamp":"2018-10-18 18:45:19.782","file":"main.go:37","msg":"1111111111111111111111111111111111111111111111111111111"}
{"level":"INFO","timestamp":"2018-10-18 18:45:19.885","file":"main.go:37","msg":"1111111111111111111111111111111111111111111111111111111"}
{"level":"INFO","timestamp":"2018-10-18 18:45:19.986","file":"main.go:37","msg":"1111111111111111111111111111111111111111111111111111111"}
{"level":"INFO","timestamp":"2018-10-18 18:45:20.087","file":"main.go:37","msg":"1111111111111111111111111111111111111111111111111111111"}
{"level":"INFO","timestamp":"2018-10-18 18:45:20.187","file":"main.go:37","msg":"1111111111111111111111111111111111111111111111111111111"}
{"level":"INFO","timestamp":"2018-10-18 18:45:20.293","file":"main.go:37","msg":"1111111111111111111111111111111111111111111111111111111"}
{"level":"INFO","timestamp":"2018-10-18 18:45:20.393","file":"main.go:37","msg":"1111111111111111111111111111111111111111111111111111111"}
{"level":"INFO","timestamp":"2018-10-18 18:45:20.493","file":"main.go:37","msg":"1111111111111111111111111111111111111111111111111111111"}
{"level":"INFO","timestamp":"2018-10-18 18:45:20.594","file":"main.go:37","msg":"1111111111111111111111111111111111111111111111111111111"}
{"level":"INFO","timestamp":"2018-10-18 18:45:20.696","file":"main.go:37","msg":"1111111111111111111111111111111111111111111111111111111"}
{"level":"INFO","timestamp":"2018-10-18 18:45:20.796","file":"main.go:37","msg":"1111111111111111111111111111111111111111111111111111111"}
{"level":"INFO","timestamp":"2018-10-18 18:45:20.896","file":"main.go:37","msg":"1111111111111111111111111111111111111111111111111111111"}
{"level":"INFO","timestamp":"2018-10-18 18:45:20.996","file":"main.go:37","msg":"1111111111111111111111111111111111111111111111111111111"}
{"level":"INFO","timestamp":"2018-10-18 18:45:21.107","file":"main.go:37","msg":"1111111111111111111111111111111111111111111111111111111"}
{"level":"INFO","timestamp":"2018-10-18 18:45:21.208","file":"main.go:37","msg":"1111111111111111111111111111111111111111111111111111111"}
{"level":"INFO","timestamp":"2018-10-18 18:45:21.311","file":"main.go:37","msg":"1111111111111111111111111111111111111111111111111111111"}
{"level":"INFO","timestamp":"2018-10-18 18:45:21.411","file":"main.go:37","msg":"1111111111111111111111111111111111111111111111111111111"}
{"level":"INFO","timestamp":"2018-10-18 18:45:21.513","file":"main.go:37","msg":"1111111111111111111111111111111111111111111111111111111"}
{"level":"INFO","timestamp":"2018-10-18 18:45:21.613","file":"main.go:37","msg":"1111111111111111111111111111111111111111111111111111111"}
{"level":"INFO","timestamp":"2018-10-18 18:45:21.713","file":"main.go:37","msg":"1111111111111111111111111111111111111111111111111111111"}
{"level":"INFO","timestamp":"2018-10-18 18:45:21.814","file":"main.go:37","msg":"1111111111111111111111111111111111111111111111111111111"}
{"level":"INFO","timestamp":"2018-10-18 18:45:21.920","file":"main.go:37","msg":"1111111111111111111111111111111111111111111111111111111"}
{"level":"INFO","timestamp":"2018-10-18 18:45:22.020","file":"main.go:37","msg":"1111111111111111111111111111111111111111111111111111111"}
{"level":"INFO","timestamp":"2018-10-18 18:45:22.121","file":"main.go:37","msg":"1111111111111111111111111111111111111111111111111111111"}
{"level":"INFO","timestamp":"2018-10-18 18:45:22.224","file":"main.go:37","msg":"1111111111111111111111111111111111111111111111111111111"}
{"level":"INFO","timestamp":"2018-10-18 18:45:22.324","file":"main.go:37","msg":"1111111111111111111111111111111111111111111111111111111"}
{"level":"INFO","timestamp":"2018-10-18 18:45:22.424","file":"main.go:37","msg":"1111111111111111111111111111111111111111111111111111111"}
{"level":"INFO","timestamp":"2018-10-18 18:45:22.525","file":"main.go:37","msg":"1111111111111111111111111111111111111111111111111111111"}
{"level":"INFO","timestamp":"2018-10-18 18:45:22.627","file":"main.go:37","msg":"1111111111111111111111111111111111111111111111111111111"}
{"level":"INFO","timestamp":"2018-10-18 18:45:22.727","file":"main.go:37","msg":"1111111111111111111111111111111111111111111111111111111"}
{"level":"INFO","timestamp":"2018-10-18 18:45:22.829","file":"main.go:37","msg":"1111111111111111111111111111111111111111111111111111111"}
{"level":"INFO","timestamp":"2018-10-18 18:45:22.929","file":"main.go:37","msg":"1111111111111111111111111111111111111111111111111111111"}
{"level":"INFO","timestamp":"2018-10-18 18:45:23.035","file":"main.go:37","msg":"1111111111111111111111111111111111111111111111111111111"}
{"level":"INFO","timestamp":"2018-10-18 18:45:23.138","file":"main.go:37","msg":"1111111111111111111111111111111111111111111111111111111"}
{"level":"INFO","timestamp":"2018-10-18 18:45:23.238","file":"main.go:37","msg":"1111111111111111111111111111111111111111111111111111111"}
{"level":"INFO","timestamp":"2018-10-18 18:45:23.340","file":"main.go:37","msg":"1111111111111111111111111111111111111111111111111111111"}
{"level":"INFO","timestamp":"2018-10-18 18:45:23.442","file":"main.go:37","msg":"1111111111111111111111111111111111111111111111111111111"}
{"level":"INFO","timestamp":"2018-10-18 18:45:23.543","file":"main.go:37","msg":"1111111111111111111111111111111111111111111111111111111"}
{"level":"INFO","timestamp":"2018-10-18 18:45:23.648","file":"main.go:37","msg":"1111111111111111111111111111111111111111111111111111111"}
{"level":"INFO","timestamp":"2018-10-18 18:45:23.748","file":"main.go:37","msg":"1111111111111111111111111111111111111111111111111111111"}
{"level":"INFO","timestamp":"2018-10-18 18:45:23.850","file":"main.go:37","msg":"1111111111111111111111111111111111111111111111111111111"}
{"level":"INFO","timestamp":"2018-10-18 18:45:23.952","file":"main.go:37","msg":"1111111111111111111111111111111111111111111111111111111"}
{"level":"INFO","timestamp":"2018-10-18 18:45:24.053","file":"main.go:37","msg":"1111111111111111111111111111111111111111111111111111111"}
{"level":"INFO","timestamp":"2018-10-18 18:45:24.159","file":"main.go:37","msg":"1111111111111111111111111111111111111111111111111111111"}
{"level":"INFO","timestamp":"2018-10-18 18:45:24.260","file":"main.go:37","msg":"1111111111111111111111111111111111111111111111111111111"}
{"level":"INFO","timestamp":"2018-10-18 18:45:24.362","file":"main.go:37","msg":"1111111111111111111111111111111111111111111111111111111"}
{"level":"INFO","timestamp":"2018-10-18 18:45:24.462","file":"main.go:37","msg":"1111111111111111111111111111111111111111111111111111111"}
{"level":"INFO","timestamp":"2018-10-18 18:45:24.562","file":"main.go:37","msg":"1111111111111111111111111111111111111111111111111111111"}
{"level":"INFO","timestamp":"2018-10-18 18:45:24.662","file":"main.go:37","msg":"1111111111111111111111111111111111111111111111111111111"}
{"level":"INFO","timestamp":"2018-10-18 18:45:24.764","file":"main.go:37","msg":"1111111111111111111111111111111111111111111111111111111"}
{"level":"INFO","timestamp":"2018-10-18 18:45:24.865","file":"main.go:37","msg":"1111111111111111111111111111111111111111111111111111111"}
{"level":"INFO","timestamp":"2018-10-18 18:45:24.966","file":"main.go:37","msg":"1111111111111111111111111111111111111111111111111111111"}
{"level":"INFO","timestamp":"2018-10-18 18:45:25.066","file":"main.go:37","msg":"1111111111111111111111111111111111111111111111111111111"}
{"level":"INFO","timestamp":"2018-10-18 18:45:25.166","file":"main.go:37","msg":"1111111111111111111111111111111111111111111111111111111"}
{"level":"INFO","timestamp":"2018-10-18 18:45:25.266","file":"main.go:37","msg":"1111111111111111111111111111111111111111111111111111111"}
{"level":"INFO","timestamp":"2018-10-18 18:45:25.366","file":"main.go:37","msg":"1111111111111111111111111111111111111111111111111111111"}
{"level":"INFO","timestamp":"2018-10-18 18:45:25.467","file":"main.go:37","msg":"1111111111111111111111111111111111111111111111111111111"}
{"level":"INFO","timestamp":"2018-10-18 18:45:25.573","file":"main.go:37","msg":"1111111111111111111111111111111111111111111111111111111"}
{"level":"INFO","timestamp":"2018-10-18 18:45:25.678","file":"main.go:37","msg":"1111111111111111111111111111111111111111111111111111111"}
{"level":"INFO","timestamp":"2018-10-18 18:45:25.778","file":"main.go:37","msg":"1111111111111111111111111111111111111111111111111111111"}
{"level":"INFO","timestamp":"2018-10-18 18:45:25.878","file":"main.go:37","msg":"1111111111111111111111111111111111111111111111111111111"}
{"level":"INFO","timestamp":"2018-10-18 18:45:25.978","file":"main.go:37","msg":"1111111111111111111111111111111111111111111111111111111"}
{"level":"INFO","timestamp":"2018-10-18 18:45:26.078","file":"main.go:37","msg":"1111111111111111111111111111111111111111111111111111111"}
{"level":"INFO","timestamp":"2018-10-18 18:45:26.178","file":"main.go:37","msg":"1111111111111111111111111111111111111111111111111111111"}
{"level":"INFO","timestamp":"2018-10-18 18:45:26.280","file":"main.go:37","msg":"1111111111111111111111111111111111111111111111111111111"}
{"level":"INFO","timestamp":"2018-10-18 18:45:26.380","file":"main.go:37","msg":"1111111111111111111111111111111111111111111111111111111"}
{"level":"INFO","timestamp":"2018-10-18 18:45:26.481","file":"main.go:37","msg":"1111111111111111111111111111111111111111111111111111111"}
{"level":"INFO","timestamp":"2018-10-18 18:45:26.585","file":"main.go:37","msg":"1111111111111111111111111111111111111111111111111111111"}
{"level":"INFO","timestamp":"2018-10-18 18:45:26.686","file":"main.go:37","msg":"1111111111111111111111111111111111111111111111111111111"}
{"level":"INFO","timestamp":"2018-10-18 18:45:26.832","file":"main.go:37","msg":"1111111111111111111111111111111111111111111111111111111"}
{"level":"INFO","timestamp":"2018-10-18 18:45:26.935","file":"main.go:37","msg":"1111111111111111111111111111111111111111111111111111111"}
{"level":"INFO","timestamp":"2018-10-18 18:45:27.035","file":"main.go:37","msg":"1111111111111111111111111111111111111111111111111111111"}
{"level":"INFO","timestamp":"2018-10-18 18:45:27.138","file":"main.go:37","msg":"1111111111111111111111111111111111111111111111111111111"}
{"level":"INFO","timestamp":"2018-10-18 18:45:27.238","file":"main.go:37","msg":"1111111111111111111111111111111111111111111111111111111"}
{"level":"INFO","timestamp":"2018-10-18 18:45:27.338","file":"main.go:37","msg":"1111111111111111111111111111111111111111111111111111111"}
{"level":"INFO","timestamp":"2018-10-18 18:45:27.442","file":"main.go:37","msg":"1111111111111111111111111111111111111111111111111111111"}
{"level":"INFO","timestamp":"2018-10-18 18:45:27.542","file":"main.go:37","msg":"1111111111111111111111111111111111111111111111111111111"}
{"level":"INFO","timestamp":"2018-10-18 18:45:27.645","file":"main.go:37","msg":"1111111111111111111111111111111111111111111111111111111"}
{"level":"INFO","timestamp":"2018-10-18 18:45:27.745","file":"main.go:37","msg":"1111111111111111111111111111111111111111111111111111111"}
{"level":"INFO","timestamp":"2018-10-18 18:45:27.848","file":"main.go:37","msg":"1111111111111111111111111111111111111111111111111111111"}
{"level":"INFO","timestamp":"2018-10-18 18:45:28.031","file":"main.go:37","msg":"1111111111111111111111111111111111111111111111111111111"}
{"level":"INFO","timestamp":"2018-10-18 18:45:28.134","file":"main.go:37","msg":"1111111111111111111111111111111111111111111111111111111"}
{"level":"INFO","timestamp":"2018-10-18 18:45:28.234","file":"main.go:37","msg":"1111111111111111111111111111111111111111111111111111111"}
{"level":"INFO","timestamp":"2018-10-18 18:45:28.334","file":"main.go:37","msg":"1111111111111111111111111111111111111111111111111111111"}
{"level":"INFO","timestamp":"2018-10-18 18:45:28.434","file":"main.go:37","msg":"1111111111111111111111111111111111111111111111111111111"}
{"level":"INFO","timestamp":"2018-10-18 18:45:28.535","file":"main.go:37","msg":"1111111111111111111111111111111111111111111111111111111"}
{"level":"INFO","timestamp":"2018-10-18 18:45:28.636","file":"main.go:37","msg":"1111111111111111111111111111111111111111111111111111111"}
{"level":"INFO","timestamp":"2018-10-18 18:45:28.736","file":"main.go:37","msg":"1111111111111111111111111111111111111111111111111111111"}
{"level":"INFO","timestamp":"2018-10-18 18:45:28.836","file":"main.go:37","msg":"1111111111111111111111111111111111111111111111111111111"}
{"level":"INFO","timestamp":"2018-10-18 18:45:28.936","file":"main.go:37","msg":"1111111111111111111111111111111111111111111111111111111"}
{"level":"INFO","timestamp":"2018-10-18 18:45:29.036","file":"main.go:37","msg":"1111111111111111111111111111111111111111111111111111111"}
{"level":"INFO","timestamp":"2018-10-18 18:45:29.139","file":"main.go:37","msg":"1111111111111111111111111111111111111111111111111111111"}
{"level":"INFO","timestamp":"2018-10-18 18:45:29.241","file":"main.go:37","msg":"1111111111111111111111111111111111111111111111111111111"}
{"level":"INFO","timestamp":"2018-10-18 18:45:29.343","file":"main.go:37","msg":"1111111111111111111111111111111111111111111111111111111"}
{"level":"INFO","timestamp":"2018-10-18 18:45:29.445","file":"main.go:37","msg":"1111111111111111111111111111111111111111111111111111111"}
{"level":"INFO","timestamp":"2018-10-18 18:45:29.548","file":"main.go:37","msg":"1111111111111111111111111111111111111111111111111111111"}
{"level":"INFO","timestamp":"2018-10-18 18:45:29.651","file":"main.go:37","msg":"1111111111111111111111111111111111111111111111111111111"}
{"level":"INFO","timestamp":"2018-10-18 18:45:29.754","file":"main.go:37","msg":"1111111111111111111111111111111111111111111111111111111"}
{"level":"INFO","timestamp":"2018-10-18 18:45:29.855","file":"main.go:37","msg":"1111111111111111111111111111111111111111111111111111111"}
{"level":"INFO","timestamp":"2018-10-18 18:45:29.963","file":"main.go:37","msg":"1111111111111111111111111111111111111111111111111111111"}
{"level":"INFO","timestamp":"2018-10-18 18:45:30.067","file":"main.go:37","msg":"1111111111111111111111111111111111111111111111111111111"}
{"level":"INFO","timestamp":"2018-10-18 18:45:30.176","file":"main.go:37","msg":"1111111111111111111111111111111111111111111111111111111"}
{"level":"INFO","timestamp":"2018-10-18 18:45:30.285","file":"main.go:37","msg":"1111111111111111111111111111111111111111111111111111111"}
{"level":"INFO","timestamp":"2018-10-18 18:45:30.389","file":"main.go:37","msg":"1111111111111111111111111111111111111111111111111111111"}
{"level":"INFO","timestamp":"2018-10-18 18:45:30.490","file":"main.go:37","msg":"1111111111111111111111111111111111111111111111111111111"}
{"level":"INFO","timestamp":"2018-10-18 18:45:30.592","file":"main.go:37","msg":"1111111111111111111111111111111111111111111111111111111"}
{"level":"INFO","timestamp":"2018-10-18 18:45:30.694","file":"main.go:37","msg":"1111111111111111111111111111111111111111111111111111111"}
{"level":"INFO","timestamp":"2018-10-18 18:45:30.795","file":"main.go:37","msg":"1111111111111111111111111111111111111111111111111111111"}
{"level":"INFO","timestamp":"2018-10-18 18:45:30.906","file":"main.go:37","msg":"1111111111111111111111111111111111111111111111111111111"}
{"level":"INFO","timestamp":"2018-10-18 18:45:31.007","file":"main.go:37","msg":"1111111111111111111111111111111111111111111111111111111"}
{"level":"INFO","timestamp":"2018-10-18 18:45:31.109","file":"main.go:37","msg":"1111111111111111111111111111111111111111111111111111111"}
{"level":"INFO","timestamp":"2018-10-18 18:45:31.210","file":"main.go:37","msg":"1111111111111111111111111111111111111111111111111111111"}
{"level":"INFO","timestamp":"2018-10-18 18:45:31.310","file":"main.go:37","msg":"1111111111111111111111111111111111111111111111111111111"}
{"level":"INFO","timestamp":"2018-10-18 18:45:31.412","file":"main.go:37","msg":"1111111111111111111111111111111111111111111111111111111"}
{"level":"INFO","timestamp":"2018-10-18 18:45:31.536","file":"main.go:37","msg":"1111111111111111111111111111111111111111111111111111111"}
{"level":"INFO","timestamp":"2018-10-18 18:45:31.639","file":"main.go:37","msg":"1111111111111111111111111111111111111111111111111111111"}
{"level":"INFO","timestamp":"2018-10-18 18:45:31.740","file":"main.go:37","msg":"1111111111111111111111111111111111111111111111111111111"}
{"level":"INFO","timestamp":"2018-10-18 18:45:31.841","file":"main.go:37","msg":"1111111111111111111111111111111111111111111111111111111"}
{"level":"INFO","timestamp":"2018-10-18 18:45:31.942","file":"main.go:37","msg":"1111111111111111111111111111111111111111111111111111111"}
{"level":"INFO","timestamp":"2018-10-18 18:45:32.042","file":"main.go:37","msg":"1111111111111111111111111111111111111111111111111111111"}
{"level":"INFO","timestamp":"2018-10-18 18:45:32.146","file":"main.go:37","msg":"1111111111111111111111111111111111111111111111111111111"}
{"level":"INFO","timestamp":"2018-10-18 18:45:32.252","file":"main.go:37","msg":"1111111111111111111111111111111111111111111111111111111"}
{"level":"INFO","timestamp":"2018-10-18 18:45:32.358","file":"main.go:37","msg":"1111111111111111111111111111111111111111111111111111111"}
{"level":"INFO","timestamp":"2018-10-18 18:45:32.467","file":"main.go:37","msg":"1111111111111111111111111111111111111111111111111111111"}
{"level":"INFO","timestamp":"2018-10-18 18:45:32.579","file":"main.go:37","msg":"1111111111111111111111111111111111111111111111111111111"}
{"level":"INFO","timestamp":"2018-10-18 18:45:32.693","file":"main.go:37","msg":"1111111111111111111111111111111111111111111111111111111"}
{"level":"INFO","timestamp":"2018-10-18 18:45:32.801","file":"main.go:37","msg":"1111111111111111111111111111111111111111111111111111111"}
{"level":"INFO","timestamp":"2018-10-18 18:45:32.901","file":"main.go:37","msg":"1111111111111111111111111111111111111111111111111111111"}
{"level":"INFO","timestamp":"2018-10-18 18:45:33.001","file":"main.go:37","msg":"1111111111111111111111111111111111111111111111111111111"}
{"level":"INFO","timestamp":"2018-10-18 18:45:33.113","file":"main.go:37","msg":"1111111111111111111111111111111111111111111111111111111"}
{"level":"INFO","timestamp":"2018-10-18 18:45:33.218","file":"main.go:37","msg":"1111111111111111111111111111111111111111111111111111111"}
{"level":"INFO","timestamp":"2018-10-18 18:45:39.324","file":"main.go:37","msg":"1111111111111111111111111111111111111111111111111111111"}
{"level":"INFO","timestamp":"2018-10-18 18:45:39.430","file":"main.go:37","msg":"1111111111111111111111111111111111111111111111111111111"}
{"level":"INFO","timestamp":"2018-10-18 18:45:39.532","file":"main.go:37","msg":"1111111111111111111111111111111111111111111111111111111"}
{"level":"INFO","timestamp":"2018-10-18 18:45:39.634","file":"main.go:37","msg":"1111111111111111111111111111111111111111111111111111111"}
{"level":"INFO","timestamp":"2018-10-18 18:45:39.737","file":"main.go:37","msg":"1111111111111111111111111111111111111111111111111111111"}
{"level":"INFO","timestamp":"2018-10-18 18:45:39.843","file":"main.go:37","msg":"1111111111111111111111111111111111111111111111111111111"}
{"level":"INFO","timestamp":"2018-10-18 18:45:39.945","file":"main.go:37","msg":"1111111111111111111111111111111111111111111111111111111"}
{"level":"INFO","timestamp":"2018-10-18 18:45:40.046","file":"main.go:37","msg":"1111111111111111111111111111111111111111111111111111111"}
{"level":"INFO","timestamp":"2018-10-18 18:45:40.148","file":"main.go:37","msg":"1111111111111111111111111111111111111111111111111111111"}
{"level":"INFO","timestamp":"2018-10-18 18:45:40.250","file":"main.go:37","msg":"1111111111111111111111111111111111111111111111111111111"}
{"level":"INFO","timestamp":"2018-10-18 18:45:40.371","file":"main.go:37","msg":"1111111111111111111111111111111111111111111111111111111"}
{"level":"INFO","timestamp":"2018-10-18 18:45:40.476","file":"main.go:37","msg":"1111111111111111111111111111111111111111111111111111111"}
{"level":"INFO","timestamp":"2018-10-18 18:45:40.582","file":"main.go:37","msg":"1111111111111111111111111111111111111111111111111111111"}
{"level":"INFO","timestamp":"2018-10-18 18:45:40.686","file":"main.go:37","msg":"1111111111111111111111111111111111111111111111111111111"}
{"level":"INFO","timestamp":"2018-10-18 18:45:40.788","file":"main.go:37","msg":"1111111111111111111111111111111111111111111111111111111"}
{"level":"INFO","timestamp":"2018-10-18 18:45:40.889","file":"main.go:37","msg":"1111111111111111111111111111111111111111111111111111111"}
{"level":"INFO","timestamp":"2018-10-18 18:45:40.990","file":"main.go:37","msg":"1111111111111111111111111111111111111111111111111111111"}
{"level":"INFO","timestamp":"2018-10-18 18:45:41.091","file":"main.go:37","msg":"1111111111111111111111111111111111111111111111111111111"}
{"level":"INFO","timestamp":"2018-10-18 18:45:41.192","file":"main.go:37","msg":"1111111111111111111111111111111111111111111111111111111"}
{"level":"INFO","timestamp":"2018-10-18 18:45:41.295","file":"main.go:37","msg":"1111111111111111111111111111111111111111111111111111111"}
{"level":"INFO","timestamp":"2018-10-18 18:45:41.404","file":"main.go:37","msg":"1111111111111111111111111111111111111111111111111111111"}
{"level":"INFO","timestamp":"2018-10-18 18:45:41.514","file":"main.go:37","msg":"1111111111111111111111111111111111111111111111111111111"}
{"level":"INFO","timestamp":"2018-10-18 18:45:41.618","file":"main.go:37","msg":"1111111111111111111111111111111111111111111111111111111"}
{"level":"INFO","timestamp":"2018-10-18 18:45:41.719","file":"main.go:37","msg":"1111111111111111111111111111111111111111111111111111111"}
{"level":"INFO","timestamp":"2018-10-18 18:45:41.822","file":"main.go:37","msg":"1111111111111111111111111111111111111111111111111111111"}
{"level":"INFO","timestamp":"2018-10-18 18:45:41.925","file":"main.go:37","msg":"1111111111111111111111111111111111111111111111111111111"}
{"level":"INFO","timestamp":"2018-10-18 18:45:42.026","file":"main.go:37","msg":"1111111111111111111111111111111111111111111111111111111"}
{"level":"INFO","timestamp":"2018-10-18 18:45:42.126","file":"main.go:37","msg":"1111111111111111111111111111111111111111111111111111111"}
{"level":"INFO","timestamp":"2018-10-18 18:45:42.227","file":"main.go:37","msg":"1111111111111111111111111111111111111111111111111111111"}
{"level":"INFO","timestamp":"2018-10-18 18:45:42.327","file":"main.go:37","msg":"1111111111111111111111111111111111111111111111111111111"}
{"level":"INFO","timestamp":"2018-10-18 18:45:42.439","file":"main.go:37","msg":"1111111111111111111111111111111111111111111111111111111"}
{"level":"INFO","timestamp":"2018-10-18 18:45:42.539","file":"main.go:37","msg":"1111111111111111111111111111111111111111111111111111111"}
{"level":"INFO","timestamp":"2018-10-18 18:45:42.643","file":"main.go:37","msg":"1111111111111111111111111111111111111111111111111111111"}
{"level":"INFO","timestamp":"2018-10-18 18:45:42.748","file":"main.go:37","msg":"1111111111111111111111111111111111111111111111111111111"}
{"level":"INFO","timestamp":"2018-10-18 18:45:42.849","file":"main.go:37","msg":"1111111111111111111111111111111111111111111111111111111"}
{"level":"INFO","timestamp":"2018-10-18 18:45:42.951","file":"main.go:37","msg":"1111111111111111111111111111111111111111111111111111111"}
{"level":"INFO","timestamp":"2018-10-18 18:45:43.058","file":"main.go:37","msg":"1111111111111111111111111111111111111111111111111111111"}
{"level":"INFO","timestamp":"2018-10-18 18:45:43.169","file":"main.go:37","msg":"1111111111111111111111111111111111111111111111111111111"}
{"level":"INFO","timestamp":"2018-10-18 18:45:43.276","file":"main.go:37","msg":"1111111111111111111111111111111111111111111111111111111"}
{"level":"INFO","timestamp":"2018-10-18 18:45:43.377","file":"main.go:37","msg":"1111111111111111111111111111111111111111111111111111111"}
{"level":"INFO","timestamp":"2018-10-18 18:45:43.478","file":"main.go:37","msg":"1111111111111111111111111111111111111111111111111111111"}
{"level":"INFO","timestamp":"2018-10-18 18:45:43.578","file":"main.go:37","msg":"1111111111111111111111111111111111111111111111111111111"}
{"level":"INFO","timestamp":"2018-10-18 18:45:43.679","file":"main.go:37","msg":"1111111111111111111111111111111111111111111111111111111"}
{"level":"INFO","timestamp":"2018-10-18 18:45:43.779","file":"main.go:37","msg":"1111111111111111111111111111111111111111111111111111111"}
{"level":"INFO","timestamp":"2018-10-18 18:45:43.879","file":"main.go:37","msg":"1111111111111111111111111111111111111111111111111111111"}
{"level":"INFO","timestamp":"2018-10-18 18:45:43.979","file":"main.go:37","msg":"1111111111111111111111111111111111111111111111111111111"}
{"level":"INFO","timestamp":"2018-10-18 18:45:44.081","file":"main.go:37","msg":"1111111111111111111111111111111111111111111111111111111"}
{"level":"INFO","timestamp":"2018-10-18 18:45:44.188","file":"main.go:37","msg":"1111111111111111111111111111111111111111111111111111111"}
{"level":"INFO","timestamp":"2018-10-18 18:45:44.295","file":"main.go:37","msg":"1111111111111111111111111111111111111111111111111111111"}
{"level":"INFO","timestamp":"2018-10-18 18:45:44.395","file":"main.go:37","msg":"1111111111111111111111111111111111111111111111111111111"}
{"level":"INFO","timestamp":"2018-10-18 18:45:44.496","file":"main.go:37","msg":"1111111111111111111111111111111111111111111111111111111"}
{"level":"INFO","timestamp":"2018-10-18 18:45:44.598","file":"main.go:37","msg":"1111111111111111111111111111111111111111111111111111111"}
{"level":"INFO","timestamp":"2018-10-18 18:45:44.699","file":"main.go:37","msg":"1111111111111111111111111111111111111111111111111111111"}
{"level":"INFO","timestamp":"2018-10-18 18:45:44.799","file":"main.go:37","msg":"1111111111111111111111111111111111111111111111111111111"}
{"level":"INFO","timestamp":"2018-10-18 18:45:44.899","file":"main.go:37","msg":"1111111111111111111111111111111111111111111111111111111"}
{"level":"INFO","timestamp":"2018-10-18 18:45:45.000","file":"main.go:37","msg":"1111111111111111111111111111111111111111111111111111111"}
{"level":"INFO","timestamp":"2018-10-18 18:45:45.100","file":"main.go:37","msg":"1111111111111111111111111111111111111111111111111111111"}
{"level":"INFO","timestamp":"2018-10-18 18:45:45.201","file":"main.go:37","msg":"1111111111111111111111111111111111111111111111111111111"}
{"level":"INFO","timestamp":"2018-10-18 18:45:45.307","file":"main.go:37","msg":"1111111111111111111111111111111111111111111111111111111"}
{"level":"INFO","timestamp":"2018-10-18 18:45:45.409","file":"main.go:37","msg":"1111111111111111111111111111111111111111111111111111111"}
{"level":"INFO","timestamp":"2018-10-18 18:45:45.512","file":"main.go:37","msg":"1111111111111111111111111111111111111111111111111111111"}
{"level":"INFO","timestamp":"2018-10-18 18:45:45.621","file":"main.go:37","msg":"1111111111111111111111111111111111111111111111111111111"}
{"level":"INFO","timestamp":"2018-10-18 18:45:45.722","file":"main.go:37","msg":"1111111111111111111111111111111111111111111111111111111"}
{"level":"INFO","timestamp":"2018-10-18 18:45:45.822","file":"main.go:37","msg":"1111111111111111111111111111111111111111111111111111111"}
{"level":"INFO","timestamp":"2018-10-18 18:45:45.922","file":"main.go:37","msg":"1111111111111111111111111111111111111111111111111111111"}
{"level":"INFO","timestamp":"2018-10-18 18:45:46.022","file":"main.go:37","msg":"1111111111111111111111111111111111111111111111111111111"}
{"level":"INFO","timestamp":"2018-10-18 18:45:46.123","file":"main.go:37","msg":"1111111111111111111111111111111111111111111111111111111"}
{"level":"INFO","timestamp":"2018-10-18 18:45:46.224","file":"main.go:37","msg":"1111111111111111111111111111111111111111111111111111111"}
{"level":"INFO","timestamp":"2018-10-18 18:45:46.324","file":"main.go:37","msg":"1111111111111111111111111111111111111111111111111111111"}
{"level":"INFO","timestamp":"2018-10-18 18:45:46.424","file":"main.go:37","msg":"1111111111111111111111111111111111111111111111111111111"}
{"level":"INFO","timestamp":"2018-10-18 18:45:46.525","file":"main.go:37","msg":"1111111111111111111111111111111111111111111111111111111"}
{"level":"INFO","timestamp":"2018-10-18 18:45:46.633","file":"main.go:37","msg":"1111111111111111111111111111111111111111111111111111111"}
{"level":"INFO","timestamp":"2018-10-18 18:45:46.733","file":"main.go:37","msg":"1111111111111111111111111111111111111111111111111111111"}
{"level":"INFO","timestamp":"2018-10-18 18:45:46.839","file":"main.go:37","msg":"1111111111111111111111111111111111111111111111111111111"}
{"level":"INFO","timestamp":"2018-10-18 18:45:46.939","file":"main.go:37","msg":"1111111111111111111111111111111111111111111111111111111"}
{"level":"INFO","timestamp":"2018-10-18 18:45:47.039","file":"main.go:37","msg":"1111111111111111111111111111111111111111111111111111111"}
{"level":"INFO","timestamp":"2018-10-18 18:45:47.139","file":"main.go:37","msg":"1111111111111111111111111111111111111111111111111111111"}
{"level":"INFO","timestamp":"2018-10-18 18:45:47.240","file":"main.go:37","msg":"1111111111111111111111111111111111111111111111111111111"}
{"level":"INFO","timestamp":"2018-10-18 18:45:47.340","file":"main.go:37","msg":"1111111111111111111111111111111111111111111111111111111"}
{"level":"INFO","timestamp":"2018-10-18 18:45:47.442","file":"main.go:37","msg":"1111111111111111111111111111111111111111111111111111111"}
{"level":"INFO","timestamp":"2018-10-18 18:45:47.544","file":"main.go:37","msg":"1111111111111111111111111111111111111111111111111111111"}
{"level":"INFO","timestamp":"2018-10-18 18:45:47.652","file":"main.go:37","msg":"1111111111111111111111111111111111111111111111111111111"}
{"level":"INFO","timestamp":"2018-10-18 18:45:47.753","file":"main.go:37","msg":"1111111111111111111111111111111111111111111111111111111"}
{"level":"INFO","timestamp":"2018-10-18 18:45:47.866","file":"main.go:37","msg":"1111111111111111111111111111111111111111111111111111111"}
{"level":"INFO","timestamp":"2018-10-18 18:45:48.040","file":"main.go:37","msg":"1111111111111111111111111111111111111111111111111111111"}
{"level":"INFO","timestamp":"2018-10-18 18:45:48.179","file":"main.go:37","msg":"1111111111111111111111111111111111111111111111111111111"}
{"level":"INFO","timestamp":"2018-10-18 18:45:48.279","file":"main.go:37","msg":"1111111111111111111111111111111111111111111111111111111"}
{"level":"INFO","timestamp":"2018-10-18 18:45:48.379","file":"main.go:37","msg":"1111111111111111111111111111111111111111111111111111111"}
{"level":"INFO","timestamp":"2018-10-18 18:45:48.479","file":"main.go:37","msg":"1111111111111111111111111111111111111111111111111111111"}
{"level":"INFO","timestamp":"2018-10-18 18:45:48.579","file":"main.go:37","msg":"1111111111111111111111111111111111111111111111111111111"}
{"level":"INFO","timestamp":"2018-10-18 18:45:48.680","file":"main.go:37","msg":"1111111111111111111111111111111111111111111111111111111"}
{"level":"INFO","timestamp":"2018-10-18 18:45:48.787","file":"main.go:37","msg":"1111111111111111111111111111111111111111111111111111111"}
{"level":"INFO","timestamp":"2018-10-18 18:45:48.887","file":"main.go:37","msg":"1111111111111111111111111111111111111111111111111111111"}
{"level":"INFO","timestamp":"2018-10-18 18:45:48.987","file":"main.go:37","msg":"1111111111111111111111111111111111111111111111111111111"}
{"level":"INFO","timestamp":"2018-10-18 18:45:49.096","file":"main.go:37","msg":"1111111111111111111111111111111111111111111111111111111"}
{"level":"INFO","timestamp":"2018-10-18 18:45:49.197","file":"main.go:37","msg":"1111111111111111111111111111111111111111111111111111111"}
{"level":"INFO","timestamp":"2018-10-18 18:45:49.298","file":"main.go:37","msg":"1111111111111111111111111111111111111111111111111111111"}
{"level":"INFO","timestamp":"2018-10-18 18:45:49.398","file":"main.go:37","msg":"1111111111111111111111111111111111111111111111111111111"}
{"level":"INFO","timestamp":"2018-10-18 18:45:49.499","file":"main.go:37","msg":"1111111111111111111111111111111111111111111111111111111"}
{"level":"INFO","timestamp":"2018-10-18 18:45:49.606","file":"main.go:37","msg":"1111111111111111111111111111111111111111111111111111111"}
{"level":"INFO","timestamp":"2018-10-18 18:45:49.707","file":"main.go:37","msg":"1111111111111111111111111111111111111111111111111111111"}
{"level":"INFO","timestamp":"2018-10-18 18:45:49.821","file":"main.go:37","msg":"1111111111111111111111111111111111111111111111111111111"}
{"level":"INFO","timestamp":"2018-10-18 18:45:49.923","file":"main.go:37","msg":"1111111111111111111111111111111111111111111111111111111"}
{"level":"INFO","timestamp":"2018-10-18 18:45:50.024","file":"main.go:37","msg":"1111111111111111111111111111111111111111111111111111111"}
{"level":"INFO","timestamp":"2018-10-18 18:45:50.125","file":"main.go:37","msg":"1111111111111111111111111111111111111111111111111111111"}
{"level":"INFO","timestamp":"2018-10-18 18:45:50.227","file":"main.go:37","msg":"1111111111111111111111111111111111111111111111111111111"}
{"level":"INFO","timestamp":"2018-10-18 18:45:50.330","file":"main.go:37","msg":"1111111111111111111111111111111111111111111111111111111"}
{"level":"INFO","timestamp":"2018-10-18 18:45:50.431","file":"main.go:37","msg":"1111111111111111111111111111111111111111111111111111111"}
{"level":"INFO","timestamp":"2018-10-18 18:45:50.531","file":"main.go:37","msg":"1111111111111111111111111111111111111111111111111111111"}
{"level":"INFO","timestamp":"2018-10-18 18:45:50.632","file":"main.go:37","msg":"1111111111111111111111111111111111111111111111111111111"}
{"level":"INFO","timestamp":"2018-10-18 18:45:50.750","file":"main.go:37","msg":"1111111111111111111111111111111111111111111111111111111"}
{"level":"INFO","timestamp":"2018-10-18 18:45:50.850","file":"main.go:37","msg":"1111111111111111111111111111111111111111111111111111111"}
{"level":"INFO","timestamp":"2018-10-18 18:57:04.682","file":"main.go:55","msg":"Start to listening the incoming requests on http address: :8080"}
{"level":"INFO","timestamp":"2018-10-18 18:57:07.012","file":"main.go:74","msg":"Waiting for the router, retry in 1 second."}
{"level":"INFO","timestamp":"2018-10-18 18:57:10.274","file":"main.go:74","msg":"Waiting for the router, retry in 1 second."}
{"level":"INFO","timestamp":"2018-10-18 18:57:13.562","file":"main.go:74","msg":"Waiting for the router, retry in 1 second."}
{"level":"INFO","timestamp":"2018-10-18 18:57:16.835","file":"main.go:74","msg":"Waiting for the router, retry in 1 second."}
{"level":"INFO","timestamp":"2018-10-18 18:57:20.108","file":"main.go:74","msg":"Waiting for the router, retry in 1 second."}
{"level":"INFO","timestamp":"2018-10-18 18:57:23.396","file":"main.go:74","msg":"Waiting for the router, retry in 1 second."}
{"level":"INFO","timestamp":"2018-10-18 18:57:26.694","file":"main.go:74","msg":"Waiting for the router, retry in 1 second."}
{"level":"INFO","timestamp":"2018-10-18 18:57:29.964","file":"main.go:74","msg":"Waiting for the router, retry in 1 second."}
{"level":"INFO","timestamp":"2018-10-18 18:57:33.246","file":"main.go:74","msg":"Waiting for the router, retry in 1 second."}
{"level":"INFO","timestamp":"2018-10-18 18:57:36.526","file":"main.go:74","msg":"Waiting for the router, retry in 1 second."}
{"level":"FATAL","timestamp":"2018-10-18 18:57:37.543","file":"main.go:50","msg":"The router has no response, or it might took too long to start up.","data":{"error":"Cannot connect to the router.","trace":"goroutine 38 [running]:\ngithub.com/lexkong/log/lager.(*logger).logs(0xc04221a120, 0xc042002380, 0x2, 0x2, 0x4, 0xb60970, 0x42, 0xe565a0, 0xc04202e4c0, 0x0, ...)\n\tE:/GoProject/src/github.com/lexkong/log/lager/logger.go:135 +0x86c\ngithub.com/lexkong/log/lager.(*logger).log(0xc04221a120, 0x4, 0xb60970, 0x42, 0xe565a0, 0xc04202e4c0, 0x0, 0x0, 0x0)\n\tE:/GoProject/src/github.com/lexkong/log/lager/logger.go:123 +0xe0\ngithub.com/lexkong/log/lager.(*logger).Fatal(0xc04221a120, 0xb60970, 0x42, 0xe565a0, 0xc04202e4c0, 0x0, 0x0, 0x0)\n\tE:/GoProject/src/github.com/lexkong/log/lager/logger.go:197 +0x8a\ngithub.com/lexkong/log.Fatal(0xb60970, 0x42, 0xe565a0, 0xc04202e4c0, 0x0, 0x0, 0x0)\n\tE:/GoProject/src/github.com/lexkong/log/st_lager.go:162 +0x85\nmain.main.func1()\n\tE:/GoProject/src/go_project_code/APIServer/RESTful/APIServer_log/src/main.go:50 +0xb7\ncreated by main.main\n\tE:/GoProject/src/go_project_code/APIServer/RESTful/APIServer_log/src/main.go:48 +0xd8\n"}}
{"level":"INFO","timestamp":"2018-10-18 18:58:33.220","file":"main.go:55","msg":"Start to listening the incoming requests on http address: :8080"}
{"level":"INFO","timestamp":"2018-10-18 18:58:35.548","file":"main.go:74","msg":"Waiting for the router, retry in 1 second."}
{"level":"INFO","timestamp":"2018-10-18 18:58:38.834","file":"main.go:74","msg":"Waiting for the router, retry in 1 second."}
{"level":"INFO","timestamp":"2018-10-18 18:58:42.108","file":"main.go:74","msg":"Waiting for the router, retry in 1 second."}
{"level":"INFO","timestamp":"2018-10-18 18:58:45.385","file":"main.go:74","msg":"Waiting for the router, retry in 1 second."}
{"level":"INFO","timestamp":"2018-10-18 18:58:48.687","file":"main.go:74","msg":"Waiting for the router, retry in 1 second."}
{"level":"INFO","timestamp":"2018-10-18 18:58:52.064","file":"main.go:74","msg":"Waiting for the router, retry in 1 second."}
{"level":"INFO","timestamp":"2018-10-18 18:58:55.359","file":"main.go:74","msg":"Waiting for the router, retry in 1 second."}
{"level":"INFO","timestamp":"2018-10-18 18:58:58.660","file":"main.go:74","msg":"Waiting for the router, retry in 1 second."}
{"level":"INFO","timestamp":"2018-10-18 18:59:01.943","file":"main.go:74","msg":"Waiting for the router, retry in 1 second."}
{"level":"INFO","timestamp":"2018-10-18 18:59:05.227","file":"main.go:74","msg":"Waiting for the router, retry in 1 second."}
{"level":"FATAL","timestamp":"2018-10-18 18:59:06.228","file":"main.go:50","msg":"The router has no response, or it might took too long to start up.","data":{"error":"Cannot connect to the router.","trace":"goroutine 23 [running]:\ngithub.com/lexkong/log/lager.(*logger).logs(0xc0421e21e0, 0xc0422785a0, 0x2, 0x2, 0x4, 0xb60970, 0x42, 0xe565a0, 0xc042260630, 0x0, ...)\n\tE:/GoProject/src/github.com/lexkong/log/lager/logger.go:135 +0x86c\ngithub.com/lexkong/log/lager.(*logger).log(0xc0421e21e0, 0x4, 0xb60970, 0x42, 0xe565a0, 0xc042260630, 0x0, 0x0, 0x0)\n\tE:/GoProject/src/github.com/lexkong/log/lager/logger.go:123 +0xe0\ngithub.com/lexkong/log/lager.(*logger).Fatal(0xc0421e21e0, 0xb60970, 0x42, 0xe565a0, 0xc042260630, 0x0, 0x0, 0x0)\n\tE:/GoProject/src/github.com/lexkong/log/lager/logger.go:197 +0x8a\ngithub.com/lexkong/log.Fatal(0xb60970, 0x42, 0xe565a0, 0xc042260630, 0x0, 0x0, 0x0)\n\tE:/GoProject/src/github.com/lexkong/log/st_lager.go:162 +0x85\nmain.main.func1()\n\tE:/GoProject/src/go_project_code/APIServer/RESTful/APIServer_log/src/main.go:50 +0xb7\ncreated by main.main\n\tE:/GoProject/src/go_project_code/APIServer/RESTful/APIServer_log/src/main.go:48 +0xd8\n"}}
{"level":"INFO","timestamp":"2018-10-18 19:05:40.477","file":"main.go:55","msg":"Start to listening the incoming requests on http address: :8080"}
{"level":"INFO","timestamp":"2018-10-18 19:05:42.762","file":"main.go:76","msg":"Waiting for the router, retry in 1 second."}
{"level":"INFO","timestamp":"2018-10-18 19:05:46.053","file":"main.go:76","msg":"Waiting for the router, retry in 1 second."}
{"level":"INFO","timestamp":"2018-10-18 19:05:49.321","file":"main.go:76","msg":"Waiting for the router, retry in 1 second."}
{"level":"INFO","timestamp":"2018-10-18 19:05:52.585","file":"main.go:76","msg":"Waiting for the router, retry in 1 second."}
{"level":"INFO","timestamp":"2018-10-18 19:05:55.874","file":"main.go:76","msg":"Waiting for the router, retry in 1 second."}
{"level":"INFO","timestamp":"2018-10-18 19:05:59.162","file":"main.go:76","msg":"Waiting for the router, retry in 1 second."}
{"level":"INFO","timestamp":"2018-10-18 19:06:02.432","file":"main.go:76","msg":"Waiting for the router, retry in 1 second."}
{"level":"INFO","timestamp":"2018-10-18 19:06:05.758","file":"main.go:76","msg":"Waiting for the router, retry in 1 second."}
{"level":"INFO","timestamp":"2018-10-18 19:06:09.109","file":"main.go:76","msg":"Waiting for the router, retry in 1 second."}
{"level":"INFO","timestamp":"2018-10-18 19:06:12.396","file":"main.go:76","msg":"Waiting for the router, retry in 1 second."}
{"level":"FATAL","timestamp":"2018-10-18 19:06:13.399","file":"main.go:50","msg":"The router has no response, or it might took too long to start up.","data":{"error":"Cannot connect to the router.","trace":"goroutine 19 [running]:\ngithub.com/lexkong/log/lager.(*logger).logs(0xc0421e5440, 0xc0421b6f40, 0x2, 0x2, 0x4, 0xb60970, 0x42, 0xe565a0, 0xc0421b1d90, 0x0, ...)\n\tE:/GoProject/src/github.com/lexkong/log/lager/logger.go:135 +0x86c\ngithub.com/lexkong/log/lager.(*logger).log(0xc0421e5440, 0x4, 0xb60970, 0x42, 0xe565a0, 0xc0421b1d90, 0x0, 0x0, 0x0)\n\tE:/GoProject/src/github.com/lexkong/log/lager/logger.go:123 +0xe0\ngithub.com/lexkong/log/lager.(*logger).Fatal(0xc0421e5440, 0xb60970, 0x42, 0xe565a0, 0xc0421b1d90, 0x0, 0x0, 0x0)\n\tE:/GoProject/src/github.com/lexkong/log/lager/logger.go:197 +0x8a\ngithub.com/lexkong/log.Fatal(0xb60970, 0x42, 0xe565a0, 0xc0421b1d90, 0x0, 0x0, 0x0)\n\tE:/GoProject/src/github.com/lexkong/log/st_lager.go:162 +0x85\nmain.main.func1()\n\tE:/GoProject/src/go_project_code/APIServer/RESTful/APIServer_log/src/main.go:50 +0xb7\ncreated by main.main\n\tE:/GoProject/src/go_project_code/APIServer/RESTful/APIServer_log/src/main.go:48 +0xd8\n"}}
{"level":"INFO","timestamp":"2018-10-18 19:11:15.277","file":"main.go:54","msg":"Start to listening the incoming requests on http address: :8080"}
{"level":"INFO","timestamp":"2018-10-18 19:11:17.587","file":"main.go:68","msg":"Waiting for the router, retry in 1 second."}
{"level":"INFO","timestamp":"2018-10-18 19:11:20.860","file":"main.go:68","msg":"Waiting for the router, retry in 1 second."}
{"level":"INFO","timestamp":"2018-10-18 19:11:24.141","file":"main.go:68","msg":"Waiting for the router, retry in 1 second."}
{"level":"INFO","timestamp":"2018-10-18 19:11:27.418","file":"main.go:68","msg":"Waiting for the router, retry in 1 second."}
{"level":"INFO","timestamp":"2018-10-18 19:11:30.698","file":"main.go:68","msg":"Waiting for the router, retry in 1 second."}
{"level":"INFO","timestamp":"2018-10-18 19:11:33.999","file":"main.go:68","msg":"Waiting for the router, retry in 1 second."}
{"level":"INFO","timestamp":"2018-10-18 19:11:37.289","file":"main.go:68","msg":"Waiting for the router, retry in 1 second."}
{"level":"INFO","timestamp":"2018-10-18 19:11:40.576","file":"main.go:68","msg":"Waiting for the router, retry in 1 second."}
{"level":"INFO","timestamp":"2018-10-18 19:11:43.955","file":"main.go:68","msg":"Waiting for the router, retry in 1 second."}
{"level":"INFO","timestamp":"2018-10-18 19:11:47.250","file":"main.go:68","msg":"Waiting for the router, retry in 1 second."}
{"level":"FATAL","timestamp":"2018-10-18 19:11:48.250","file":"main.go:49","msg":"The router has no response, or it might took too long to start up.","data":{"error":"Cannot connect to the router.","trace":"goroutine 35 [running]:\ngithub.com/lexkong/log/lager.(*logger).logs(0xc0422015c0, 0xc0421fdb60, 0x2, 0x2, 0x4, 0xb60970, 0x42, 0xe565a0, 0xc0423260d0, 0x0, ...)\n\tE:/GoProject/src/github.com/lexkong/log/lager/logger.go:135 +0x86c\ngithub.com/lexkong/log/lager.(*logger).log(0xc0422015c0, 0x4, 0xb60970, 0x42, 0xe565a0, 0xc0423260d0, 0x0, 0x0, 0x0)\n\tE:/GoProject/src/github.com/lexkong/log/lager/logger.go:123 +0xe0\ngithub.com/lexkong/log/lager.(*logger).Fatal(0xc0422015c0, 0xb60970, 0x42, 0xe565a0, 0xc0423260d0, 0x0, 0x0, 0x0)\n\tE:/GoProject/src/github.com/lexkong/log/lager/logger.go:197 +0x8a\ngithub.com/lexkong/log.Fatal(0xb60970, 0x42, 0xe565a0, 0xc0423260d0, 0x0, 0x0, 0x0)\n\tE:/GoProject/src/github.com/lexkong/log/st_lager.go:162 +0x85\nmain.main.func1()\n\tE:/GoProject/src/go_project_code/APIServer/RESTful/APIServer_log/src/main.go:49 +0xb7\ncreated by main.main\n\tE:/GoProject/src/go_project_code/APIServer/RESTful/APIServer_log/src/main.go:47 +0xd8\n"}}
{"level":"INFO","timestamp":"2018-10-18 19:27:31.638","file":"main.go:54","msg":"Start to listening the incoming requests on http address: :8080"}
{"level":"INFO","timestamp":"2018-10-18 19:27:32.178","file":"main.go:51","msg":"The router has been deployed successfully."}
